C51 COMPILER V9.60.7.0   DELAY                                                             08/05/2024 21:11:17 PAGE 1   


C51 COMPILER V9.60.7.0, COMPILATION OF MODULE DELAY
OBJECT MODULE PLACED IN .\Objects\Delay.obj
COMPILER INVOKED BY: E:\Keil5\C51\BIN\C51.EXE ..\5-1 Ä£¿é»¯±à³Ì\Delay.c OPTIMIZE(8,SPEED) BROWSE INCDIR(..\6-1 ¾ØÕó¼üÅÌ)
                    - DEBUG OBJECTEXTEND PRINT(.\Listings\Delay.lst) TABS(2) OBJECT(.\Objects\Delay.obj)

line level    source

   1          #include "Delay.h"
   2          #include <INTRINS.h>
   3          
   4          void Delay1ms(unsigned char ms)   //@11.0592MHz
   5          {
   6   1        unsigned char i, j;
   7   1        while(ms--)
   8   1        {
   9   2          _nop_();
  10   2          i = 2;
  11   2          j = 199;
  12   2          do
  13   2          {
  14   3            while (--j);
  15   3          } while (--i);
  16   2        }
  17   1      }


MODULE INFORMATION:   STATIC OVERLAYABLE
   CODE SIZE        =     18    ----
   CONSTANT SIZE    =   ----    ----
   XDATA SIZE       =   ----    ----
   PDATA SIZE       =   ----    ----
   DATA SIZE        =   ----    ----
   IDATA SIZE       =   ----    ----
   BIT SIZE         =   ----    ----
END OF MODULE INFORMATION.


C51 COMPILATION COMPLETE.  0 WARNING(S),  0 ERROR(S)
