C51 COMPILER V9.60.7.0   MAIN                                                              08/06/2024 15:02:48 PAGE 1   


C51 COMPILER V9.60.7.0, COMPILATION OF MODULE MAIN
OBJECT MODULE PLACED IN .\Objects\main.obj
COMPILER INVOKED BY: E:\Keil5\C51\BIN\C51.EXE main.c OPTIMIZE(8,SPEED) BROWSE INCDIR(..\6-1 æÿ’Ûº¸≈Ã) DEBUG OBJECTEXTEND
                    - PRINT(.\Listings\main.lst) TABS(2) OBJECT(.\Objects\main.obj)

line level    source

   1          #include <STC89C5xRC.H>
   2          #include "MatrixKeyboard.h"
   3          #include "Delay.h"
   4          #include "LCD1602.h"
   5          
   6          void main()
   7          {
   8   1        unsigned char key_pressed;
   9   1        unsigned char lastkey = 0;
  10   1         
  11   1        LCD1602_Init();
  12   1        
  13   1        while(1)
  14   1        {
  15   2          key_pressed = MatrixKeyboard_Check();
  16   2          
  17   2          if(key_pressed && key_pressed!=lastkey)
  18   2          {
  19   3            LCD1602_Clear();
*** WARNING C206 IN LINE 19 OF main.c: 'LCD1602_Clear': missing function-prototype
  20   3            LCD1602_DisplayNum(0,0,key_pressed);
  21   3            lastkey = key_pressed;
  22   3          }
  23   2        }
  24   1      }


MODULE INFORMATION:   STATIC OVERLAYABLE
   CODE SIZE        =     38    ----
   CONSTANT SIZE    =   ----    ----
   XDATA SIZE       =   ----    ----
   PDATA SIZE       =   ----    ----
   DATA SIZE        =   ----       2
   IDATA SIZE       =   ----    ----
   BIT SIZE         =   ----    ----
END OF MODULE INFORMATION.


C51 COMPILATION COMPLETE.  1 WARNING(S),  0 ERROR(S)
