C51 COMPILER V9.60.7.0   MATRIXKEYBOARD                                                    08/06/2024 14:52:31 PAGE 1   


C51 COMPILER V9.60.7.0, COMPILATION OF MODULE MATRIXKEYBOARD
OBJECT MODULE PLACED IN .\Objects\MatrixKeyboard.obj
COMPILER INVOKED BY: E:\Keil5\C51\BIN\C51.EXE MatrixKeyboard.c OPTIMIZE(8,SPEED) BROWSE INCDIR(..\6-1 矩阵键盘) DEBUG OB
                    -JECTEXTEND PRINT(.\Listings\MatrixKeyboard.lst) TABS(2) OBJECT(.\Objects\MatrixKeyboard.obj)

line level    source

   1          #include <STC89C5xRC.H>
   2          #include "MatrixKeyboard.h"
   3          #include "Delay.h"
   4          
   5          //需求：按下矩阵按键SW5到SW20，LCD1602会显示对应的按键编号
   6          
   7          //检测按键是否被按下
   8          //SW5被按下
   9          unsigned char MatrixKeyboard_Check()
  10          {
  11   1        P2 = 0xFE;
  12   1        if(P27 == 0)
  13   1        {
  14   2          //按下前消抖
  15   2          Delay1ms(10);
  16   2          if(P27 == 0)
  17   2          {
  18   3            while(1)
  19   3            {
  20   4              if(P27 == 1)
  21   4              {
  22   5                //抬起前消抖
  23   5                Delay1ms(10);
  24   5                if(P27 == 1)
  25   5                {
  26   6                  return 5;
  27   6                }
  28   5              }
  29   4            }
  30   3          }
  31   2        }
  32   1        if(P26 == 0)
  33   1        {
  34   2          //按下前消抖
  35   2          Delay1ms(10);
  36   2          if(P26 == 0)
  37   2          {
  38   3            while(1)
  39   3            {
  40   4              if(P26 == 1)
  41   4              {
  42   5                //抬起前消抖
  43   5                Delay1ms(10);
  44   5                if(P26 == 1)
  45   5                {
  46   6                  return 9;
  47   6                }
  48   5              }
  49   4            }
  50   3          }
  51   2        }
  52   1        if(P25 == 0)
  53   1        {
  54   2          //按下前消抖
C51 COMPILER V9.60.7.0   MATRIXKEYBOARD                                                    08/06/2024 14:52:31 PAGE 2   

  55   2          Delay1ms(10);
  56   2          if(P25 == 0)
  57   2          {
  58   3            while(1)
  59   3            {
  60   4              if(P25 == 1)
  61   4              {
  62   5                //抬起前消抖
  63   5                Delay1ms(10);
  64   5                if(P25 == 1)
  65   5                {
  66   6                  return 13;
  67   6                }
  68   5              }
  69   4            }
  70   3          }
  71   2        }
  72   1        if(P24 == 0)
  73   1        {
  74   2          //按下前消抖
  75   2          Delay1ms(10);
  76   2          if(P24 == 0)
  77   2          {
  78   3            while(1)
  79   3            {
  80   4              if(P24 == 1)
  81   4              {
  82   5                //抬起前消抖
  83   5                Delay1ms(10);
  84   5                if(P24 == 1)
  85   5                {
  86   6                  return 17;
  87   6                }
  88   5              }
  89   4            }
  90   3          }
  91   2        }
  92   1        // 1111 1101
  93   1        P2 = 0xFC;
  94   1        if(P27 == 0)
  95   1        {
  96   2          //按下前消抖
  97   2          Delay1ms(10);
  98   2          if(P27 == 0)
  99   2          {
 100   3            while(1)
 101   3            {
 102   4              if(P27 == 1)
 103   4              {
 104   5                //抬起前消抖
 105   5                Delay1ms(10);
 106   5                if(P27 == 1)
 107   5                {
 108   6                  return 6;
 109   6                }
 110   5              }
 111   4            }
 112   3          }
 113   2        }
 114   1        if(P26 == 0)
 115   1        {
 116   2          //按下前消抖
C51 COMPILER V9.60.7.0   MATRIXKEYBOARD                                                    08/06/2024 14:52:31 PAGE 3   

 117   2          Delay1ms(10);
 118   2          if(P26 == 0)
 119   2          {
 120   3            while(1)
 121   3            {
 122   4              if(P26 == 1)
 123   4              {
 124   5                //抬起前消抖
 125   5                Delay1ms(10);
 126   5                if(P26 == 1)
 127   5                {
 128   6                  return 10;
 129   6                }
 130   5              }
 131   4            }
 132   3          }
 133   2        }
 134   1        if(P25 == 0)
 135   1        {
 136   2          //按下前消抖
 137   2          Delay1ms(10);
 138   2          if(P25 == 0)
 139   2          {
 140   3            while(1)
 141   3            {
 142   4              if(P25 == 1)
 143   4              {
 144   5                //抬起前消抖
 145   5                Delay1ms(10);
 146   5                if(P25 == 1)
 147   5                {
 148   6                  return 14;
 149   6                }
 150   5              }
 151   4            }
 152   3          }
 153   2        }
 154   1        if(P24 == 0)
 155   1        {
 156   2          //按下前消抖
 157   2          Delay1ms(10);
 158   2          if(P24 == 0)
 159   2          {
 160   3            while(1)
 161   3            {
 162   4              if(P24 == 1)
 163   4              {
 164   5                //抬起前消抖
 165   5                Delay1ms(10);
 166   5                if(P24 == 1)
 167   5                {
 168   6                  return 18;
 169   6                }
 170   5              }
 171   4            }
 172   3          }
 173   2        }
 174   1        //1111 1011 
 175   1        P2 = 0xFB;
 176   1        if(P27 == 0)
 177   1        {
 178   2          //按下前消抖
C51 COMPILER V9.60.7.0   MATRIXKEYBOARD                                                    08/06/2024 14:52:31 PAGE 4   

 179   2          Delay1ms(10);
 180   2          if(P27 == 0)
 181   2          {
 182   3            while(1)
 183   3            {
 184   4              if(P27 == 1)
 185   4              {
 186   5                //抬起前消抖
 187   5                Delay1ms(10);
 188   5                if(P27 == 1)
 189   5                {
 190   6                  return 7;
 191   6                }
 192   5              }
 193   4            }
 194   3          }
 195   2        }
 196   1        if(P26 == 0)
 197   1        {
 198   2          //按下前消抖
 199   2          Delay1ms(10);
 200   2          if(P26 == 0)
 201   2          {
 202   3            while(1)
 203   3            {
 204   4              if(P26 == 1)
 205   4              {
 206   5                //抬起前消抖
 207   5                Delay1ms(10);
 208   5                if(P26 == 1)
 209   5                {
 210   6                  return 11;
 211   6                }
 212   5              }
 213   4            }
 214   3          }
 215   2        }
 216   1        if(P25 == 0)
 217   1        {
 218   2          //按下前消抖
 219   2          Delay1ms(10);
 220   2          if(P25 == 0)
 221   2          {
 222   3            while(1)
 223   3            {
 224   4              if(P25 == 1)
 225   4              {
 226   5                //抬起前消抖
 227   5                Delay1ms(10);
 228   5                if(P25 == 1)
 229   5                {
 230   6                  return 15;
 231   6                }
 232   5              }
 233   4            }
 234   3          }
 235   2        }
 236   1        if(P24 == 0)
 237   1        {
 238   2          //按下前消抖
 239   2          Delay1ms(10);
 240   2          if(P24 == 0)
C51 COMPILER V9.60.7.0   MATRIXKEYBOARD                                                    08/06/2024 14:52:31 PAGE 5   

 241   2          {
 242   3            while(1)
 243   3            {
 244   4              if(P24 == 1)
 245   4              {
 246   5                //抬起前消抖
 247   5                Delay1ms(10);
 248   5                if(P24 == 1)
 249   5                {
 250   6                  return 19;
 251   6                }
 252   5              }
 253   4            }
 254   3          }
 255   2        }
 256   1        // 1111 0111
 257   1        P2 = 0xF7;
 258   1        if(P27 == 0)
 259   1        {
 260   2          //按下前消抖
 261   2          Delay1ms(10);
 262   2          if(P27 == 0)
 263   2          {
 264   3            while(1)
 265   3            {
 266   4              if(P27 == 1)
 267   4              {
 268   5                //抬起前消抖
 269   5                Delay1ms(10);
 270   5                if(P27 == 1)
 271   5                {
 272   6                  return 8;
 273   6                }
 274   5              }
 275   4            }
 276   3          }
 277   2        }
 278   1        if(P26 == 0)
 279   1        {
 280   2          //按下前消抖
 281   2          Delay1ms(10);
 282   2          if(P26 == 0)
 283   2          {
 284   3            while(1)
 285   3            {
 286   4              if(P26 == 1)
 287   4              {
 288   5                //抬起前消抖
 289   5                Delay1ms(10);
 290   5                if(P26 == 1)
 291   5                {
 292   6                  return 12;
 293   6                }
 294   5              }
 295   4            }
 296   3          }
 297   2        }
 298   1        if(P25 == 0)
 299   1        {
 300   2          //按下前消抖
 301   2          Delay1ms(10);
 302   2          if(P25 == 0)
C51 COMPILER V9.60.7.0   MATRIXKEYBOARD                                                    08/06/2024 14:52:31 PAGE 6   

 303   2          {
 304   3            while(1)
 305   3            {
 306   4              if(P25 == 1)
 307   4              {
 308   5                //抬起前消抖
 309   5                Delay1ms(10);
 310   5                if(P25 == 1)
 311   5                {
 312   6                  return 16;
 313   6                }
 314   5              }
 315   4            }
 316   3          }
 317   2        }
 318   1        if(P24 == 0)
 319   1        {
 320   2          //按下前消抖
 321   2          Delay1ms(10);
 322   2          if(P24 == 0)
 323   2          {
 324   3            while(1)
 325   3            {
 326   4              if(P24 == 1)
 327   4              {
 328   5                //抬起前消抖
 329   5                Delay1ms(10);
 330   5                if(P24 == 1)
 331   5                {
 332   6                  return 20;
 333   6                }
 334   5              }
 335   4            }
 336   3          }
 337   2        }
 338   1        return 0;
 339   1      }
 340          


MODULE INFORMATION:   STATIC OVERLAYABLE
   CODE SIZE        =    415    ----
   CONSTANT SIZE    =   ----    ----
   XDATA SIZE       =   ----    ----
   PDATA SIZE       =   ----    ----
   DATA SIZE        =   ----    ----
   IDATA SIZE       =   ----    ----
   BIT SIZE         =   ----    ----
END OF MODULE INFORMATION.


C51 COMPILATION COMPLETE.  0 WARNING(S),  0 ERROR(S)
